0 info it worked if it ends with ok
1 verbose cli [ '/usr/local/bin/node',
1 verbose cli   '/usr/local/bin/npm',
1 verbose cli   'install',
1 verbose cli   'npm',
1 verbose cli   '-g' ]
2 info using npm@4.1.2
3 info using node@v7.5.0
4 silly loadCurrentTree Starting
5 silly install loadCurrentTree
6 silly install readGlobalPackageData
7 silly fetchPackageMetaData npm
8 silly fetchNamedPackageData npm
9 silly mapToRegistry name npm
10 silly mapToRegistry using default registry
11 silly mapToRegistry registry https://registry.npmjs.org/
12 silly mapToRegistry data Result {
12 silly mapToRegistry   raw: 'npm',
12 silly mapToRegistry   scope: null,
12 silly mapToRegistry   escapedName: 'npm',
12 silly mapToRegistry   name: 'npm',
12 silly mapToRegistry   rawSpec: '',
12 silly mapToRegistry   spec: 'latest',
12 silly mapToRegistry   type: 'tag' }
13 silly mapToRegistry uri https://registry.npmjs.org/npm
14 verbose request uri https://registry.npmjs.org/npm
15 verbose request no auth needed
16 info attempt registry request try #1 at 12:40:45
17 verbose request id a2cec1b084318fdd
18 verbose etag W/"59642366-650667"
19 verbose lastModified Tue, 11 Jul 2017 01:01:26 GMT
20 http request GET https://registry.npmjs.org/npm
21 http 200 https://registry.npmjs.org/npm
22 verbose headers { server: 'nginx/1.10.1',
22 verbose headers   'content-type': 'application/json',
22 verbose headers   'last-modified': 'Fri, 14 Jul 2017 05:18:23 GMT',
22 verbose headers   etag: 'W/"5968541f-659cf6"',
22 verbose headers   'content-encoding': 'gzip',
22 verbose headers   'cache-control': 'max-age=300',
22 verbose headers   'content-length': '547178',
22 verbose headers   'accept-ranges': 'bytes',
22 verbose headers   date: 'Thu, 03 Aug 2017 04:40:52 GMT',
22 verbose headers   via: '1.1 varnish',
22 verbose headers   age: '82',
22 verbose headers   connection: 'close',
22 verbose headers   'x-served-by': 'cache-hkg17933-HKG',
22 verbose headers   'x-cache': 'HIT',
22 verbose headers   'x-cache-hits': '1',
22 verbose headers   'x-timer': 'S1501735252.156707,VS0,VE7',
22 verbose headers   vary: 'Accept-Encoding, Accept' }
23 silly get cb [ 200,
23 silly get   { server: 'nginx/1.10.1',
23 silly get     'content-type': 'application/json',
23 silly get     'last-modified': 'Fri, 14 Jul 2017 05:18:23 GMT',
23 silly get     etag: 'W/"5968541f-659cf6"',
23 silly get     'content-encoding': 'gzip',
23 silly get     'cache-control': 'max-age=300',
23 silly get     'content-length': '547178',
23 silly get     'accept-ranges': 'bytes',
23 silly get     date: 'Thu, 03 Aug 2017 04:40:52 GMT',
23 silly get     via: '1.1 varnish',
23 silly get     age: '82',
23 silly get     connection: 'close',
23 silly get     'x-served-by': 'cache-hkg17933-HKG',
23 silly get     'x-cache': 'HIT',
23 silly get     'x-cache-hits': '1',
23 silly get     'x-timer': 'S1501735252.156707,VS0,VE7',
23 silly get     vary: 'Accept-Encoding, Accept' } ]
24 verbose get saving npm to /Users/cairuyun/.npm/registry.npmjs.org/npm/.cache.json
25 verbose correctMkdir /Users/cairuyun/.npm correctMkdir not in flight; initializing
26 silly install normalizeTree
27 silly loadCurrentTree Finishing
28 silly loadIdealTree Starting
29 silly install loadIdealTree
30 silly cloneCurrentTree Starting
31 silly install cloneCurrentTreeToIdealTree
32 silly cloneCurrentTree Finishing
33 silly loadShrinkwrap Starting
34 silly install loadShrinkwrap
35 silly loadShrinkwrap Finishing
36 silly loadAllDepsIntoIdealTree Starting
37 silly install loadAllDepsIntoIdealTree
38 silly resolveWithNewModule npm@5.3.0 checking installable status
39 silly cache add args [ 'npm', null ]
40 verbose cache add spec npm
41 silly cache add parsed spec Result {
41 silly cache add   raw: 'npm',
41 silly cache add   scope: null,
41 silly cache add   escapedName: 'npm',
41 silly cache add   name: 'npm',
41 silly cache add   rawSpec: '',
41 silly cache add   spec: 'latest',
41 silly cache add   type: 'tag' }
42 silly addNamed npm@latest
43 verbose addNamed "latest" is being treated as a dist-tag for npm
44 info addNameTag [ 'npm', 'latest' ]
45 silly mapToRegistry name npm
46 silly mapToRegistry using default registry
47 silly mapToRegistry registry https://registry.npmjs.org/
48 silly mapToRegistry data Result {
48 silly mapToRegistry   raw: 'npm',
48 silly mapToRegistry   scope: null,
48 silly mapToRegistry   escapedName: 'npm',
48 silly mapToRegistry   name: 'npm',
48 silly mapToRegistry   rawSpec: '',
48 silly mapToRegistry   spec: 'latest',
48 silly mapToRegistry   type: 'tag' }
49 silly mapToRegistry uri https://registry.npmjs.org/npm
50 verbose addNameTag registry:https://registry.npmjs.org/npm not in flight; fetching
51 verbose get https://registry.npmjs.org/npm not expired, no request
52 silly addNameTag next cb for npm with tag latest
53 silly addNamed npm@5.3.0
54 verbose addNamed "5.3.0" is a plain semver version for npm
55 silly mapToRegistry name npm
56 silly mapToRegistry using default registry
57 silly mapToRegistry registry https://registry.npmjs.org/
58 silly mapToRegistry data Result {
58 silly mapToRegistry   raw: 'npm',
58 silly mapToRegistry   scope: null,
58 silly mapToRegistry   escapedName: 'npm',
58 silly mapToRegistry   name: 'npm',
58 silly mapToRegistry   rawSpec: '',
58 silly mapToRegistry   spec: 'latest',
58 silly mapToRegistry   type: 'tag' }
59 silly mapToRegistry uri https://registry.npmjs.org/npm
60 verbose addRemoteTarball https://registry.npmjs.org/npm/-/npm-5.3.0.tgz not in flight; adding
61 verbose addRemoteTarball [ 'https://registry.npmjs.org/npm/-/npm-5.3.0.tgz',
61 verbose addRemoteTarball   'e2ae85ef09d53f7f570a05578692899bf7879f17' ]
62 info retry fetch attempt 1 at 12:41:51
63 info attempt registry request try #1 at 12:41:51
64 http fetch GET https://registry.npmjs.org/npm/-/npm-5.3.0.tgz
65 http fetch 200 https://registry.npmjs.org/npm/-/npm-5.3.0.tgz
66 silly fetchAndShaCheck shasum e2ae85ef09d53f7f570a05578692899bf7879f17
67 silly rollbackFailedOptional Starting
68 silly rollbackFailedOptional Finishing
69 silly runTopLevelLifecycles Finishing
70 silly install printInstalled
71 verbose stack Error: shasum check failed for /tmp/npm-66793-03d59954/registry.npmjs.org/npm/-/npm-5.3.0.tgz
71 verbose stack Expected: e2ae85ef09d53f7f570a05578692899bf7879f17
71 verbose stack Actual:   684a7164b6a3b3f5fa820e81351a9bc9040cec03
71 verbose stack From:     https://registry.npmjs.org/npm/-/npm-5.3.0.tgz
71 verbose stack     at /usr/local/lib/node_modules/npm/node_modules/sha/index.js:25:8
71 verbose stack     at ReadStream.<anonymous> (/usr/local/lib/node_modules/npm/node_modules/sha/index.js:72:7)
71 verbose stack     at emitNone (events.js:91:20)
71 verbose stack     at ReadStream.emit (events.js:186:7)
71 verbose stack     at endReadableNT (_stream_readable.js:974:12)
71 verbose stack     at _combinedTickCallback (internal/process/next_tick.js:74:11)
71 verbose stack     at process._tickCallback (internal/process/next_tick.js:98:9)
72 verbose cwd /Users/cairuyun/Desktop/myrepositories/muxi_blog_fe
73 error Darwin 16.3.0
74 error argv "/usr/local/bin/node" "/usr/local/bin/npm" "install" "npm" "-g"
75 error node v7.5.0
76 error npm  v4.1.2
77 error shasum check failed for /tmp/npm-66793-03d59954/registry.npmjs.org/npm/-/npm-5.3.0.tgz
77 error Expected: e2ae85ef09d53f7f570a05578692899bf7879f17
77 error Actual:   684a7164b6a3b3f5fa820e81351a9bc9040cec03
77 error From:     https://registry.npmjs.org/npm/-/npm-5.3.0.tgz
78 error If you need help, you may report this error at:
78 error     <https://github.com/npm/npm/issues>
79 verbose exit [ 1, true ]
